{"id":1,"word":"class","type":"class"}
{"id":2,"word":"Rect","type":"id"}
{"id":3,"word":"{","type":"{"}
{"id":4,"word":"public","type":"public"}
{"id":5,"word":":","type":":"}
{"id":6,"word":"int","type":"int"}
{"id":7,"word":"_left","type":"id"}
{"id":8,"word":";","type":";"}
{"id":9,"word":"int","type":"int"}
{"id":10,"word":"_top","type":"id"}
{"id":11,"word":";","type":";"}
{"id":12,"word":"int","type":"int"}
{"id":13,"word":"_right","type":"id"}
{"id":14,"word":";","type":";"}
{"id":15,"word":"int","type":"int"}
{"id":16,"word":"_bottom","type":"id"}
{"id":17,"word":";","type":";"}
{"id":18,"word":"static","type":"static"}
{"id":19,"word":"int","type":"int"}
{"id":20,"word":"_count","type":"id"}
{"id":21,"word":";","type":";"}
{"id":22,"word":"public","type":"public"}
{"id":23,"word":":","type":":"}
{"id":24,"word":"Rect","type":"id"}
{"id":25,"word":"(","type":"("}
{"id":26,"word":"int","type":"int"}
{"id":27,"word":"left","type":"id"}
{"id":28,"word":",","type":","}
{"id":29,"word":"int","type":"int"}
{"id":30,"word":"top","type":"id"}
{"id":31,"word":",","type":","}
{"id":32,"word":"int","type":"int"}
{"id":33,"word":"right","type":"id"}
{"id":34,"word":",","type":","}
{"id":35,"word":"int","type":"int"}
{"id":36,"word":"bottom","type":"id"}
{"id":37,"word":")","type":")"}
{"id":38,"word":";","type":";"}
{"id":39,"word":"~","type":"~"}
{"id":40,"word":"Rect","type":"id"}
{"id":41,"word":"(","type":"("}
{"id":42,"word":")","type":")"}
{"id":43,"word":";","type":";"}
{"id":44,"word":"}","type":"}"}
{"id":45,"word":";","type":";"}
{"id":46,"word":"int","type":"int"}
{"id":47,"word":"Rect","type":"id"}
{"id":48,"word":"::","type":"region"}
{"id":49,"word":"_count","type":"id"}
{"id":50,"word":"=","type":"="}
{"id":51,"word":"0","type":"num"}
{"id":52,"word":";","type":";"}
{"id":53,"word":"int","type":"int"}
{"id":54,"word":"main","type":"main"}
{"id":55,"word":"(","type":"("}
{"id":56,"word":")","type":")"}
{"id":57,"word":"{","type":"{"}
{"id":58,"word":"int","type":"int"}
{"id":59,"word":"sum","type":"id"}
{"id":60,"word":"=","type":"="}
{"id":61,"word":"0","type":"num"}
{"id":62,"word":";","type":";"}
{"id":63,"word":"int","type":"int"}
{"id":64,"word":"cnt","type":"id"}
{"id":65,"word":"=","type":"="}
{"id":66,"word":"1","type":"num"}
{"id":67,"word":";","type":";"}
{"id":68,"word":"while","type":"while"}
{"id":69,"word":"(","type":"("}
{"id":70,"word":"cnt","type":"id"}
{"id":71,"word":"<=","type":"lte"}
{"id":72,"word":"100","type":"num"}
{"id":73,"word":")","type":")"}
{"id":74,"word":"{","type":"{"}
{"id":75,"word":"sum","type":"id"}
{"id":76,"word":"+=","type":"+="}
{"id":77,"word":"cnt","type":"id"}
{"id":78,"word":";","type":";"}
{"id":79,"word":"if","type":"if"}
{"id":80,"word":"(","type":"("}
{"id":81,"word":"cnt","type":"id"}
{"id":82,"word":"<=","type":"lte"}
{"id":83,"word":"50","type":"num"}
{"id":84,"word":")","type":")"}
{"id":85,"word":"cnt","type":"id"}
{"id":86,"word":"=","type":"="}
{"id":87,"word":"cnt","type":"id"}
{"id":88,"word":"+","type":"+"}
{"id":89,"word":"2","type":"num"}
{"id":90,"word":";","type":";"}
{"id":91,"word":"else","type":"else"}
{"id":92,"word":"cnt","type":"id"}
{"id":93,"word":"=","type":"="}
{"id":94,"word":"cnt","type":"id"}
{"id":95,"word":"+","type":"+"}
{"id":96,"word":"1","type":"num"}
{"id":97,"word":";","type":";"}
{"id":98,"word":"cnt","type":"id"}
{"id":99,"word":"=","type":"="}
{"id":100,"word":"cnt","type":"id"}
{"id":101,"word":"*","type":"*"}
{"id":102,"word":"2","type":"num"}
{"id":103,"word":"/","type":"/"}
{"id":104,"word":"2","type":"num"}
{"id":105,"word":";","type":";"}
{"id":106,"word":"cnt","type":"id"}
{"id":107,"word":"*=","type":"*="}
{"id":108,"word":"2","type":"num"}
{"id":109,"word":";","type":";"}
{"id":110,"word":"cnt","type":"id"}
{"id":111,"word":"/=","type":"/="}
{"id":112,"word":"2","type":"num"}
{"id":113,"word":";","type":";"}
{"id":114,"word":"if","type":"if"}
{"id":115,"word":"(","type":"("}
{"id":116,"word":"cnt","type":"id"}
{"id":117,"word":">=","type":"gte"}
{"id":118,"word":"0","type":"num"}
{"id":119,"word":"&&","type":"&&"}
{"id":120,"word":"(","type":"("}
{"id":121,"word":"4","type":"num"}
{"id":122,"word":">=","type":"gte"}
{"id":123,"word":"3","type":"num"}
{"id":124,"word":"||","type":"||"}
{"id":125,"word":"5","type":"num"}
{"id":126,"word":"<=","type":"lte"}
{"id":127,"word":"6","type":"num"}
{"id":128,"word":")","type":")"}
{"id":129,"word":")","type":")"}
{"id":130,"word":"{","type":"{"}
{"id":131,"word":"}","type":"}"}
{"id":132,"word":"}","type":"}"}
{"id":133,"word":"return","type":"return"}
{"id":134,"word":"0","type":"num"}
{"id":135,"word":";","type":";"}
{"id":136,"word":"}","type":"}"}
