{"id":1,"word":"int","type":"int"}
{"id":2,"word":"main","type":"main"}
{"id":3,"word":"(","type":"LBrace"}
{"id":4,"word":")","type":"RBrace"}
{"id":5,"word":"{","type":"LCurlyBrace"}
{"id":6,"word":"int","type":"int"}
{"id":7,"word":"sum","type":"id"}
{"id":8,"word":"=","type":"assign"}
{"id":9,"word":"0","type":"num"}
{"id":10,"word":";","type":"end"}
{"id":11,"word":"int","type":"int"}
{"id":12,"word":"cnt","type":"id"}
{"id":13,"word":"=","type":"assign"}
{"id":14,"word":"1","type":"num"}
{"id":15,"word":";","type":"end"}
{"id":16,"word":"while","type":"while"}
{"id":17,"word":"(","type":"LBrace"}
{"id":18,"word":"cnt","type":"id"}
{"id":19,"word":"<=","type":"lte"}
{"id":20,"word":"100","type":"num"}
{"id":21,"word":")","type":"RBrace"}
{"id":22,"word":"{","type":"LCurlyBrace"}
{"id":23,"word":"sum","type":"id"}
{"id":24,"word":"+=","type":"ADD"}
{"id":25,"word":"cnt","type":"id"}
{"id":26,"word":";","type":"end"}
{"id":27,"word":"cnt","type":"id"}
{"id":28,"word":"=","type":"assign"}
{"id":29,"word":"cnt","type":"id"}
{"id":30,"word":"+","type":"add"}
{"id":31,"word":"1","type":"num"}
{"id":32,"word":";","type":"end"}
{"id":33,"word":"}","type":"RCurlyBrace"}
{"id":34,"word":"return","type":"return"}
{"id":35,"word":"0","type":"num"}
{"id":36,"word":";","type":"end"}
{"id":37,"word":"}","type":"RCurlyBrace"}
